# JRE version: OpenJDK Runtime Environment (17.0.6) (build 17.0.6+0-b2043.56-10027231)
# Java VM: OpenJDK 64-Bit Server VM (17.0.6+0-b2043.56-10027231, mixed mode, tiered, compressed oops, compressed class ptrs, g1 gc, windows-amd64)
GC Precious Log:
 CPUs: 4 total, 4 available
 Memory: 8083M
 Large Page Support: Disabled
 NUMA Support: Disabled
 Compressed Oops: Enabled (32-bit)
 Heap Region Size: 1M
 Heap Min Capacity: 8M
 Heap Initial Capacity: 128M
 Heap Max Capacity: 2G
 Pre-touch: Disabled
 Parallel Workers: 4
 Concurrent Workers: 1
 Concurrent Refinement Workers: 4
 Periodic GC: Disabled
Heap:
 garbage-first heap   total 71680K, used 50577K [0x0000000080000000, 0x0000000100000000)
  region size 1024K, 9 young (9216K), 3 survivors (3072K)
 Metaspace       used 60677K, committed 61248K, reserved 1105920K
  class space    used 8028K, committed 8320K, reserved 1048576K
GC Heap History (20 events):
Event: 20.868 GC heap before
{Heap before GC invocations=10 (full 0):
 garbage-first heap   total 68608K, used 47800K [0x0000000080000000, 0x0000000100000000)
  region size 1024K, 27 young (27648K), 3 survivors (3072K)
 Metaspace       used 40491K, committed 40832K, reserved 1089536K
  class space    used 5361K, committed 5504K, reserved 1048576K
}
Event: 20.877 GC heap after
{Heap after GC invocations=11 (full 0):
 garbage-first heap   total 68608K, used 28378K [0x0000000080000000, 0x0000000100000000)
  region size 1024K, 4 young (4096K), 4 survivors (4096K)
 Metaspace       used 40491K, committed 40832K, reserved 1089536K
  class space    used 5361K, committed 5504K, reserved 1048576K
}
Event: 22.477 GC heap before
{Heap before GC invocations=11 (full 0):
 garbage-first heap   total 68608K, used 52954K [0x0000000080000000, 0x0000000100000000)
  region size 1024K, 25 young (25600K), 4 survivors (4096K)
 Metaspace       used 42858K, committed 43200K, reserved 1089536K
  class space    used 5611K, committed 5760K, reserved 1048576K
}
Event: 22.484 GC heap after
{Heap after GC invocations=12 (full 0):
 garbage-first heap   total 68608K, used 29603K [0x0000000080000000, 0x0000000100000000)
  region size 1024K, 3 young (3072K), 3 survivors (3072K)
 Metaspace       used 42858K, committed 43200K, reserved 1089536K
  class space    used 5611K, committed 5760K, reserved 1048576K
}
Event: 23.691 GC heap before
{Heap before GC invocations=12 (full 0):
 garbage-first heap   total 68608K, used 50083K [0x0000000080000000, 0x0000000100000000)
  region size 1024K, 23 young (23552K), 3 survivors (3072K)
 Metaspace       used 44734K, committed 45184K, reserved 1089536K
  class space    used 5798K, committed 6016K, reserved 1048576K
}
Event: 23.697 GC heap after
{Heap after GC invocations=13 (full 0):
 garbage-first heap   total 68608K, used 31051K [0x0000000080000000, 0x0000000100000000)
  region size 1024K, 2 young (2048K), 2 survivors (2048K)
 Metaspace       used 44734K, committed 45184K, reserved 1089536K
  class space    used 5798K, committed 6016K, reserved 1048576K
}
Event: 25.814 GC heap before
{Heap before GC invocations=13 (full 0):
 garbage-first heap   total 68608K, used 51531K [0x0000000080000000, 0x0000000100000000)
  region size 1024K, 22 young (22528K), 2 survivors (2048K)
 Metaspace       used 47296K, committed 47744K, reserved 1097728K
  class space    used 6225K, committed 6464K, reserved 1048576K
}
Event: 25.820 GC heap after
{Heap after GC invocations=14 (full 0):
 garbage-first heap   total 68608K, used 32254K [0x0000000080000000, 0x0000000100000000)
  region size 1024K, 3 young (3072K), 3 survivors (3072K)
 Metaspace       used 47296K, committed 47744K, reserved 1097728K
  class space    used 6225K, committed 6464K, reserved 1048576K
}
Event: 26.756 GC heap before
{Heap before GC invocations=14 (full 0):
 garbage-first heap   total 68608K, used 52734K [0x0000000080000000, 0x0000000100000000)
  region size 1024K, 23 young (23552K), 3 survivors (3072K)
 Metaspace       used 50221K, committed 50688K, reserved 1097728K
  class space    used 6701K, committed 6912K, reserved 1048576K
}
Event: 26.762 GC heap after
{Heap after GC invocations=15 (full 0):
 garbage-first heap   total 68608K, used 33471K [0x0000000080000000, 0x0000000100000000)
  region size 1024K, 3 young (3072K), 3 survivors (3072K)
 Metaspace       used 50221K, committed 50688K, reserved 1097728K
  class space    used 6701K, committed 6912K, reserved 1048576K
}
Event: 28.665 GC heap before
{Heap before GC invocations=15 (full 0):
 garbage-first heap   total 68608K, used 53951K [0x0000000080000000, 0x0000000100000000)
  region size 1024K, 23 young (23552K), 3 survivors (3072K)
 Metaspace       used 52522K, committed 52992K, reserved 1097728K
  class space    used 7025K, committed 7232K, reserved 1048576K
}
Event: 28.674 GC heap after
{Heap after GC invocations=16 (full 0):
 garbage-first heap   total 68608K, used 34868K [0x0000000080000000, 0x0000000100000000)
  region size 1024K, 3 young (3072K), 3 survivors (3072K)
 Metaspace       used 52522K, committed 52992K, reserved 1097728K
  class space    used 7025K, committed 7232K, reserved 1048576K
}
Event: 32.235 GC heap before
{Heap before GC invocations=17 (full 0):
 garbage-first heap   total 68608K, used 54324K [0x0000000080000000, 0x0000000100000000)
  region size 1024K, 22 young (22528K), 3 survivors (3072K)
 Metaspace       used 56577K, committed 57088K, reserved 1105920K
  class space    used 7499K, committed 7744K, reserved 1048576K
}
Event: 32.242 GC heap after
{Heap after GC invocations=18 (full 0):
 garbage-first heap   total 68608K, used 37470K [0x0000000080000000, 0x0000000100000000)
  region size 1024K, 3 young (3072K), 3 survivors (3072K)
 Metaspace       used 56577K, committed 57088K, reserved 1105920K
  class space    used 7499K, committed 7744K, reserved 1048576K
}
Event: 32.300 GC heap before
{Heap before GC invocations=18 (full 0):
 garbage-first heap   total 68608K, used 38494K [0x0000000080000000, 0x0000000100000000)
  region size 1024K, 4 young (4096K), 3 survivors (3072K)
 Metaspace       used 56696K, committed 57152K, reserved 1105920K
  class space    used 7519K, committed 7744K, reserved 1048576K
}
Event: 32.307 GC heap after
{Heap after GC invocations=19 (full 0):
 garbage-first heap   total 68608K, used 37928K [0x0000000080000000, 0x0000000100000000)
  region size 1024K, 1 young (1024K), 1 survivors (1024K)
 Metaspace       used 56696K, committed 57152K, reserved 1105920K
  class space    used 7519K, committed 7744K, reserved 1048576K
}
Event: 35.287 GC heap before
{Heap before GC invocations=19 (full 0):
 garbage-first heap   total 68608K, used 53288K [0x0000000080000000, 0x0000000100000000)
  region size 1024K, 17 young (17408K), 1 survivors (1024K)
 Metaspace       used 59981K, committed 60480K, reserved 1105920K
  class space    used 7956K, committed 8192K, reserved 1048576K
}
Event: 35.292 GC heap after
{Heap after GC invocations=20 (full 0):
 garbage-first heap   total 68608K, used 38974K [0x0000000080000000, 0x0000000100000000)
  region size 1024K, 2 young (2048K), 2 survivors (2048K)
 Metaspace       used 59981K, committed 60480K, reserved 1105920K
  class space    used 7956K, committed 8192K, reserved 1048576K
}
Event: 38.340 GC heap before
{Heap before GC invocations=21 (full 0):
 garbage-first heap   total 70656K, used 52286K [0x0000000080000000, 0x0000000100000000)
  region size 1024K, 16 young (16384K), 2 survivors (2048K)
 Metaspace       used 60385K, committed 60928K, reserved 1105920K
  class space    used 7995K, committed 8256K, reserved 1048576K
}
Event: 38.345 GC heap after
{Heap after GC invocations=22 (full 0):
 garbage-first heap   total 70656K, used 40337K [0x0000000080000000, 0x0000000100000000)
  region size 1024K, 3 young (3072K), 3 survivors (3072K)
 Metaspace       used 60385K, committed 60928K, reserved 1105920K
  class space    used 7995K, committed 8256K, reserved 1048576K
}

